2020-04-17 17:14:40,343 0      [           main] DEBUG ache.ibatis.logging.LogFactory  - Logging initialized using 'class org.apache.ibatis.logging.log4j.Log4jImpl' adapter.
2020-04-17 17:14:40,588 245    [           main] DEBUG source.pooled.PooledDataSource  - PooledDataSource forcefully closed/removed all connections.
2020-04-17 17:14:40,588 245    [           main] DEBUG source.pooled.PooledDataSource  - PooledDataSource forcefully closed/removed all connections.
2020-04-17 17:14:40,588 245    [           main] DEBUG source.pooled.PooledDataSource  - PooledDataSource forcefully closed/removed all connections.
2020-04-17 17:14:40,588 245    [           main] DEBUG source.pooled.PooledDataSource  - PooledDataSource forcefully closed/removed all connections.
2020-04-17 17:15:10,000 0      [           main] DEBUG ache.ibatis.logging.LogFactory  - Logging initialized using 'class org.apache.ibatis.logging.log4j.Log4jImpl' adapter.
2020-04-17 17:15:10,081 81     [           main] DEBUG source.pooled.PooledDataSource  - PooledDataSource forcefully closed/removed all connections.
2020-04-17 17:15:10,081 81     [           main] DEBUG source.pooled.PooledDataSource  - PooledDataSource forcefully closed/removed all connections.
2020-04-17 17:15:10,081 81     [           main] DEBUG source.pooled.PooledDataSource  - PooledDataSource forcefully closed/removed all connections.
2020-04-17 17:15:10,081 81     [           main] DEBUG source.pooled.PooledDataSource  - PooledDataSource forcefully closed/removed all connections.
2020-04-17 17:15:36,582 0      [           main] DEBUG ache.ibatis.logging.LogFactory  - Logging initialized using 'class org.apache.ibatis.logging.log4j.Log4jImpl' adapter.
2020-04-17 17:15:36,671 89     [           main] DEBUG source.pooled.PooledDataSource  - PooledDataSource forcefully closed/removed all connections.
2020-04-17 17:15:36,671 89     [           main] DEBUG source.pooled.PooledDataSource  - PooledDataSource forcefully closed/removed all connections.
2020-04-17 17:15:36,671 89     [           main] DEBUG source.pooled.PooledDataSource  - PooledDataSource forcefully closed/removed all connections.
2020-04-17 17:15:36,671 89     [           main] DEBUG source.pooled.PooledDataSource  - PooledDataSource forcefully closed/removed all connections.
2020-04-17 17:16:20,552 0      [           main] DEBUG ache.ibatis.logging.LogFactory  - Logging initialized using 'class org.apache.ibatis.logging.log4j.Log4jImpl' adapter.
2020-04-17 17:16:20,651 99     [           main] DEBUG source.pooled.PooledDataSource  - PooledDataSource forcefully closed/removed all connections.
2020-04-17 17:16:20,651 99     [           main] DEBUG source.pooled.PooledDataSource  - PooledDataSource forcefully closed/removed all connections.
2020-04-17 17:16:20,651 99     [           main] DEBUG source.pooled.PooledDataSource  - PooledDataSource forcefully closed/removed all connections.
2020-04-17 17:16:20,651 99     [           main] DEBUG source.pooled.PooledDataSource  - PooledDataSource forcefully closed/removed all connections.
2020-04-17 17:16:20,842 290    [           main] DEBUG ansaction.jdbc.JdbcTransaction  - Opening JDBC Connection
2020-04-17 17:16:21,118 566    [           main] DEBUG source.pooled.PooledDataSource  - Created connection 103887628.
2020-04-17 17:16:21,118 566    [           main] DEBUG ansaction.jdbc.JdbcTransaction  - Setting autocommit to false on JDBC Connection [com.mysql.jdbc.JDBC4Connection@631330c]
2020-04-17 17:16:21,122 570    [           main] DEBUG m.itheima.dao.IUserDao.findAll  - ==>  Preparing: select * from user; 
2020-04-17 17:16:21,141 589    [           main] DEBUG m.itheima.dao.IUserDao.findAll  - ==> Parameters: 
2020-04-17 17:16:21,161 609    [           main] DEBUG m.itheima.dao.IUserDao.findAll  - <==      Total: 15
2020-04-17 17:16:21,161 609    [           main] DEBUG ansaction.jdbc.JdbcTransaction  - Resetting autocommit to true on JDBC Connection [com.mysql.jdbc.JDBC4Connection@631330c]
2020-04-17 17:16:21,161 609    [           main] DEBUG ansaction.jdbc.JdbcTransaction  - Closing JDBC Connection [com.mysql.jdbc.JDBC4Connection@631330c]
2020-04-17 17:16:21,167 615    [           main] DEBUG source.pooled.PooledDataSource  - Returned connection 103887628 to pool.
2020-04-17 17:16:47,191 0      [           main] DEBUG ache.ibatis.logging.LogFactory  - Logging initialized using 'class org.apache.ibatis.logging.log4j.Log4jImpl' adapter.
2020-04-17 17:16:47,271 80     [           main] DEBUG source.pooled.PooledDataSource  - PooledDataSource forcefully closed/removed all connections.
2020-04-17 17:16:47,271 80     [           main] DEBUG source.pooled.PooledDataSource  - PooledDataSource forcefully closed/removed all connections.
2020-04-17 17:16:47,271 80     [           main] DEBUG source.pooled.PooledDataSource  - PooledDataSource forcefully closed/removed all connections.
2020-04-17 17:16:47,271 80     [           main] DEBUG source.pooled.PooledDataSource  - PooledDataSource forcefully closed/removed all connections.
2020-04-17 17:16:47,350 159    [           main] DEBUG ansaction.jdbc.JdbcTransaction  - Opening JDBC Connection
2020-04-17 17:16:47,511 320    [           main] DEBUG source.pooled.PooledDataSource  - Created connection 103887628.
2020-04-17 17:16:47,511 320    [           main] DEBUG ansaction.jdbc.JdbcTransaction  - Setting autocommit to false on JDBC Connection [com.mysql.jdbc.JDBC4Connection@631330c]
2020-04-17 17:16:47,511 320    [           main] DEBUG m.itheima.dao.IUserDao.findAll  - ==>  Preparing: select * from user; 
2020-04-17 17:16:47,528 337    [           main] DEBUG m.itheima.dao.IUserDao.findAll  - ==> Parameters: 
2020-04-17 17:16:47,541 350    [           main] DEBUG m.itheima.dao.IUserDao.findAll  - <==      Total: 15
2020-04-17 17:16:47,541 350    [           main] DEBUG ansaction.jdbc.JdbcTransaction  - Resetting autocommit to true on JDBC Connection [com.mysql.jdbc.JDBC4Connection@631330c]
2020-04-17 17:16:47,548 357    [           main] DEBUG ansaction.jdbc.JdbcTransaction  - Closing JDBC Connection [com.mysql.jdbc.JDBC4Connection@631330c]
2020-04-17 17:16:47,548 357    [           main] DEBUG source.pooled.PooledDataSource  - Returned connection 103887628 to pool.
2020-04-17 17:28:26,942 0      [           main] DEBUG ache.ibatis.logging.LogFactory  - Logging initialized using 'class org.apache.ibatis.logging.log4j.Log4jImpl' adapter.
2020-04-17 17:28:27,021 79     [           main] DEBUG source.pooled.PooledDataSource  - PooledDataSource forcefully closed/removed all connections.
2020-04-17 17:28:27,021 79     [           main] DEBUG source.pooled.PooledDataSource  - PooledDataSource forcefully closed/removed all connections.
2020-04-17 17:28:27,021 79     [           main] DEBUG source.pooled.PooledDataSource  - PooledDataSource forcefully closed/removed all connections.
2020-04-17 17:28:27,021 79     [           main] DEBUG source.pooled.PooledDataSource  - PooledDataSource forcefully closed/removed all connections.
2020-04-17 17:28:27,098 156    [           main] DEBUG ansaction.jdbc.JdbcTransaction  - Opening JDBC Connection
2020-04-17 17:28:27,268 326    [           main] DEBUG source.pooled.PooledDataSource  - Created connection 103887628.
2020-04-17 17:28:27,268 326    [           main] DEBUG ansaction.jdbc.JdbcTransaction  - Setting autocommit to false on JDBC Connection [com.mysql.jdbc.JDBC4Connection@631330c]
2020-04-17 17:28:27,271 329    [           main] DEBUG m.itheima.dao.IUserDao.findAll  - ==>  Preparing: select * from user; 
2020-04-17 17:28:27,288 346    [           main] DEBUG m.itheima.dao.IUserDao.findAll  - ==> Parameters: 
2020-04-17 17:28:27,311 369    [           main] DEBUG m.itheima.dao.IUserDao.findAll  - <==      Total: 15
2020-04-17 17:28:27,311 369    [           main] DEBUG m.itheima.dao.IUserDao.findAll  - ==>  Preparing: select * from user; 
2020-04-17 17:28:27,311 369    [           main] DEBUG m.itheima.dao.IUserDao.findAll  - ==> Parameters: 
2020-04-17 17:28:27,421 479    [           main] DEBUG m.itheima.dao.IUserDao.findAll  - <==      Total: 15
2020-04-17 17:28:27,421 479    [           main] DEBUG ansaction.jdbc.JdbcTransaction  - Resetting autocommit to true on JDBC Connection [com.mysql.jdbc.JDBC4Connection@631330c]
2020-04-17 17:28:27,428 486    [           main] DEBUG ansaction.jdbc.JdbcTransaction  - Closing JDBC Connection [com.mysql.jdbc.JDBC4Connection@631330c]
2020-04-17 17:28:27,428 486    [           main] DEBUG source.pooled.PooledDataSource  - Returned connection 103887628 to pool.
2020-04-17 17:29:33,051 0      [           main] DEBUG ache.ibatis.logging.LogFactory  - Logging initialized using 'class org.apache.ibatis.logging.log4j.Log4jImpl' adapter.
2020-04-17 17:29:33,142 91     [           main] DEBUG source.pooled.PooledDataSource  - PooledDataSource forcefully closed/removed all connections.
2020-04-17 17:29:33,142 91     [           main] DEBUG source.pooled.PooledDataSource  - PooledDataSource forcefully closed/removed all connections.
2020-04-17 17:29:33,142 91     [           main] DEBUG source.pooled.PooledDataSource  - PooledDataSource forcefully closed/removed all connections.
2020-04-17 17:29:33,142 91     [           main] DEBUG source.pooled.PooledDataSource  - PooledDataSource forcefully closed/removed all connections.
2020-04-17 17:29:33,218 167    [           main] DEBUG ansaction.jdbc.JdbcTransaction  - Opening JDBC Connection
2020-04-17 17:29:33,378 327    [           main] DEBUG source.pooled.PooledDataSource  - Created connection 103887628.
2020-04-17 17:29:33,380 329    [           main] DEBUG ansaction.jdbc.JdbcTransaction  - Setting autocommit to false on JDBC Connection [com.mysql.jdbc.JDBC4Connection@631330c]
2020-04-17 17:29:33,381 330    [           main] DEBUG m.itheima.dao.IUserDao.findAll  - ==>  Preparing: select * from user; 
2020-04-17 17:29:33,392 341    [           main] DEBUG m.itheima.dao.IUserDao.findAll  - ==> Parameters: 
2020-04-17 17:29:33,411 360    [           main] DEBUG m.itheima.dao.IUserDao.findAll  - <==      Total: 15
2020-04-17 17:29:33,411 360    [           main] DEBUG m.itheima.dao.IUserDao.findAll  - ==>  Preparing: select * from user; 
2020-04-17 17:29:33,411 360    [           main] DEBUG m.itheima.dao.IUserDao.findAll  - ==> Parameters: 
2020-04-17 17:29:33,417 366    [           main] DEBUG m.itheima.dao.IUserDao.findAll  - <==      Total: 15
2020-04-17 17:29:33,417 366    [           main] DEBUG ansaction.jdbc.JdbcTransaction  - Resetting autocommit to true on JDBC Connection [com.mysql.jdbc.JDBC4Connection@631330c]
2020-04-17 17:29:33,417 366    [           main] DEBUG ansaction.jdbc.JdbcTransaction  - Closing JDBC Connection [com.mysql.jdbc.JDBC4Connection@631330c]
2020-04-17 17:29:33,417 366    [           main] DEBUG source.pooled.PooledDataSource  - Returned connection 103887628 to pool.
2020-04-17 17:29:40,861 0      [           main] DEBUG ache.ibatis.logging.LogFactory  - Logging initialized using 'class org.apache.ibatis.logging.log4j.Log4jImpl' adapter.
2020-04-17 17:29:40,931 70     [           main] DEBUG source.pooled.PooledDataSource  - PooledDataSource forcefully closed/removed all connections.
2020-04-17 17:29:40,931 70     [           main] DEBUG source.pooled.PooledDataSource  - PooledDataSource forcefully closed/removed all connections.
2020-04-17 17:29:40,931 70     [           main] DEBUG source.pooled.PooledDataSource  - PooledDataSource forcefully closed/removed all connections.
2020-04-17 17:29:40,931 70     [           main] DEBUG source.pooled.PooledDataSource  - PooledDataSource forcefully closed/removed all connections.
2020-04-17 17:29:41,001 140    [           main] DEBUG ansaction.jdbc.JdbcTransaction  - Opening JDBC Connection
2020-04-17 17:29:41,181 320    [           main] DEBUG source.pooled.PooledDataSource  - Created connection 103887628.
2020-04-17 17:29:41,181 320    [           main] DEBUG ansaction.jdbc.JdbcTransaction  - Setting autocommit to false on JDBC Connection [com.mysql.jdbc.JDBC4Connection@631330c]
2020-04-17 17:29:41,181 320    [           main] DEBUG m.itheima.dao.IUserDao.findAll  - ==>  Preparing: select * from user; 
2020-04-17 17:29:41,201 340    [           main] DEBUG m.itheima.dao.IUserDao.findAll  - ==> Parameters: 
2020-04-17 17:29:41,217 356    [           main] DEBUG m.itheima.dao.IUserDao.findAll  - <==      Total: 15
2020-04-17 17:29:41,217 356    [           main] DEBUG ansaction.jdbc.JdbcTransaction  - Resetting autocommit to true on JDBC Connection [com.mysql.jdbc.JDBC4Connection@631330c]
2020-04-17 17:29:41,217 356    [           main] DEBUG ansaction.jdbc.JdbcTransaction  - Closing JDBC Connection [com.mysql.jdbc.JDBC4Connection@631330c]
2020-04-17 17:29:41,217 356    [           main] DEBUG source.pooled.PooledDataSource  - Returned connection 103887628 to pool.
2020-10-29 02:32:44,760 0      [           main] DEBUG ache.ibatis.logging.LogFactory  - Logging initialized using 'class org.apache.ibatis.logging.log4j.Log4jImpl' adapter.
2020-10-29 02:32:44,851 91     [           main] DEBUG source.pooled.PooledDataSource  - PooledDataSource forcefully closed/removed all connections.
2020-10-29 02:32:44,852 92     [           main] DEBUG source.pooled.PooledDataSource  - PooledDataSource forcefully closed/removed all connections.
2020-10-29 02:32:44,852 92     [           main] DEBUG source.pooled.PooledDataSource  - PooledDataSource forcefully closed/removed all connections.
2020-10-29 02:32:44,852 92     [           main] DEBUG source.pooled.PooledDataSource  - PooledDataSource forcefully closed/removed all connections.
2020-10-29 02:32:44,920 160    [           main] DEBUG ansaction.jdbc.JdbcTransaction  - Opening JDBC Connection
2020-10-29 02:32:49,443 4683   [           main] DEBUG source.pooled.PooledDataSource  - Created connection 2054574951.
2020-10-29 02:32:49,443 4683   [           main] DEBUG ansaction.jdbc.JdbcTransaction  - Setting autocommit to false on JDBC Connection [com.mysql.jdbc.JDBC4Connection@7a765367]
2020-10-29 02:32:49,473 4713   [           main] DEBUG m.peiyang.dao.IUserDao.findAll  - ==>  Preparing: select * from user; 
2020-10-29 02:32:49,509 4749   [           main] DEBUG m.peiyang.dao.IUserDao.findAll  - ==> Parameters: 
2020-10-29 02:32:49,623 4863   [           main] DEBUG m.peiyang.dao.IUserDao.findAll  - <==      Total: 15
2020-10-29 02:32:49,624 4864   [           main] DEBUG m.peiyang.dao.IUserDao.findAll  - ==>  Preparing: select * from user; 
2020-10-29 02:32:49,624 4864   [           main] DEBUG m.peiyang.dao.IUserDao.findAll  - ==> Parameters: 
2020-10-29 02:32:49,655 4895   [           main] DEBUG m.peiyang.dao.IUserDao.findAll  - <==      Total: 15
2020-10-29 02:32:49,655 4895   [           main] DEBUG ansaction.jdbc.JdbcTransaction  - Resetting autocommit to true on JDBC Connection [com.mysql.jdbc.JDBC4Connection@7a765367]
2020-10-29 02:32:49,671 4911   [           main] DEBUG ansaction.jdbc.JdbcTransaction  - Closing JDBC Connection [com.mysql.jdbc.JDBC4Connection@7a765367]
2020-10-29 02:32:49,671 4911   [           main] DEBUG source.pooled.PooledDataSource  - Returned connection 2054574951 to pool.
2020-10-29 02:33:04,525 0      [           main] DEBUG ache.ibatis.logging.LogFactory  - Logging initialized using 'class org.apache.ibatis.logging.log4j.Log4jImpl' adapter.
2020-10-29 02:33:04,616 91     [           main] DEBUG source.pooled.PooledDataSource  - PooledDataSource forcefully closed/removed all connections.
2020-10-29 02:33:04,616 91     [           main] DEBUG source.pooled.PooledDataSource  - PooledDataSource forcefully closed/removed all connections.
2020-10-29 02:33:04,616 91     [           main] DEBUG source.pooled.PooledDataSource  - PooledDataSource forcefully closed/removed all connections.
2020-10-29 02:33:04,616 91     [           main] DEBUG source.pooled.PooledDataSource  - PooledDataSource forcefully closed/removed all connections.
2020-10-29 02:33:04,681 156    [           main] DEBUG ansaction.jdbc.JdbcTransaction  - Opening JDBC Connection
2020-10-29 02:33:06,842 2317   [           main] DEBUG source.pooled.PooledDataSource  - Created connection 2054574951.
2020-10-29 02:33:06,843 2318   [           main] DEBUG ansaction.jdbc.JdbcTransaction  - Setting autocommit to false on JDBC Connection [com.mysql.jdbc.JDBC4Connection@7a765367]
2020-10-29 02:33:06,865 2340   [           main] DEBUG m.peiyang.dao.IUserDao.findAll  - ==>  Preparing: select * from user; 
2020-10-29 02:33:06,882 2357   [           main] DEBUG m.peiyang.dao.IUserDao.findAll  - ==> Parameters: 
2020-10-29 02:33:06,997 2472   [           main] DEBUG m.peiyang.dao.IUserDao.findAll  - <==      Total: 15
2020-10-29 02:33:06,998 2473   [           main] DEBUG ansaction.jdbc.JdbcTransaction  - Resetting autocommit to true on JDBC Connection [com.mysql.jdbc.JDBC4Connection@7a765367]
2020-10-29 02:33:07,024 2499   [           main] DEBUG ansaction.jdbc.JdbcTransaction  - Closing JDBC Connection [com.mysql.jdbc.JDBC4Connection@7a765367]
2020-10-29 02:33:07,025 2500   [           main] DEBUG source.pooled.PooledDataSource  - Returned connection 2054574951 to pool.
